<?xml version="1.0" encoding="UTF-8"?>
<testng-results ignored="0" total="5" passed="5" failed="0" skipped="0">
  <reporter-output>
  </reporter-output>
  <suite started-at="2026-07-01T11:33:25 IST" name="OrangeHRM Suite" finished-at="2026-07-01T11:34:46 IST" duration-ms="80491">
    <groups>
    </groups>
    <test started-at="2026-07-01T11:33:25 IST" name="Chrome" finished-at="2026-07-01T11:34:46 IST" duration-ms="80491">
      <class name="testCases.TC006_SearchUserTest">
        <test-method is-config="true" signature="setup(java.lang.String)[pri:0, instance:testCases.TC006_SearchUserTest@72bd06ca]" started-at="2026-07-01T11:34:27 IST" name="setup" finished-at="2026-07-01T11:34:41 IST" duration-ms="13735" status="PASS">
          <params>
            <param index="0">
              <value>
                <![CDATA[chrome]]>
              </value>
            </param>
          </params>
          <reporter-output>
          </reporter-output>
        </test-method> <!-- setup -->
        <test-method signature="verifySearchUser()[pri:0, instance:testCases.TC006_SearchUserTest@72bd06ca]" started-at="2026-07-01T11:34:41 IST" name="verifySearchUser" finished-at="2026-07-01T11:34:46 IST" duration-ms="4653" status="PASS">
          <reporter-output>
          </reporter-output>
        </test-method> <!-- verifySearchUser -->
        <test-method is-config="true" signature="tearDown()[pri:0, instance:testCases.TC006_SearchUserTest@72bd06ca]" started-at="2026-07-01T11:34:46 IST" name="tearDown" finished-at="2026-07-01T11:34:46 IST" duration-ms="367" status="PASS">
          <reporter-output>
          </reporter-output>
        </test-method> <!-- tearDown -->
      </class> <!-- testCases.TC006_SearchUserTest -->
      <class name="testCases.TC001_LoginTest">
        <test-method is-config="true" signature="setup(java.lang.String)[pri:0, instance:testCases.TC001_LoginTest@475835b1]" started-at="2026-07-01T11:33:25 IST" name="setup" finished-at="2026-07-01T11:33:32 IST" duration-ms="6826" status="PASS">
          <params>
            <param index="0">
              <value>
                <![CDATA[chrome]]>
              </value>
            </param>
          </params>
          <reporter-output>
          </reporter-output>
        </test-method> <!-- setup -->
        <test-method signature="verifyLogin()[pri:0, instance:testCases.TC001_LoginTest@475835b1]" started-at="2026-07-01T11:33:32 IST" name="verifyLogin" finished-at="2026-07-01T11:33:36 IST" duration-ms="3619" status="PASS">
          <reporter-output>
          </reporter-output>
        </test-method> <!-- verifyLogin -->
        <test-method is-config="true" signature="tearDown()[pri:0, instance:testCases.TC001_LoginTest@475835b1]" started-at="2026-07-01T11:33:36 IST" name="tearDown" finished-at="2026-07-01T11:33:36 IST" duration-ms="455" status="PASS">
          <reporter-output>
          </reporter-output>
        </test-method> <!-- tearDown -->
      </class> <!-- testCases.TC001_LoginTest -->
      <class name="testCases.TC002_AddEmployeeTest">
        <test-method is-config="true" signature="setup(java.lang.String)[pri:0, instance:testCases.TC002_AddEmployeeTest@7e809b79]" started-at="2026-07-01T11:33:36 IST" name="setup" finished-at="2026-07-01T11:33:46 IST" duration-ms="9391" status="PASS">
          <params>
            <param index="0">
              <value>
                <![CDATA[chrome]]>
              </value>
            </param>
          </params>
          <reporter-output>
          </reporter-output>
        </test-method> <!-- setup -->
        <test-method signature="verifyAddEmployee()[pri:0, instance:testCases.TC002_AddEmployeeTest@7e809b79]" started-at="2026-07-01T11:33:46 IST" name="verifyAddEmployee" finished-at="2026-07-01T11:34:02 IST" duration-ms="16697" status="PASS">
          <reporter-output>
          </reporter-output>
        </test-method> <!-- verifyAddEmployee -->
        <test-method is-config="true" signature="tearDown()[pri:0, instance:testCases.TC002_AddEmployeeTest@7e809b79]" started-at="2026-07-01T11:34:02 IST" name="tearDown" finished-at="2026-07-01T11:34:03 IST" duration-ms="374" status="PASS">
          <reporter-output>
          </reporter-output>
        </test-method> <!-- tearDown -->
      </class> <!-- testCases.TC002_AddEmployeeTest -->
      <class name="testCases.TC005_LogoutTest">
        <test-method is-config="true" signature="setup(java.lang.String)[pri:0, instance:testCases.TC005_LogoutTest@625e134e]" started-at="2026-07-01T11:34:18 IST" name="setup" finished-at="2026-07-01T11:34:23 IST" duration-ms="4695" status="PASS">
          <params>
            <param index="0">
              <value>
                <![CDATA[chrome]]>
              </value>
            </param>
          </params>
          <reporter-output>
          </reporter-output>
        </test-method> <!-- setup -->
        <test-method signature="verifyLogout()[pri:0, instance:testCases.TC005_LogoutTest@625e134e]" started-at="2026-07-01T11:34:23 IST" name="verifyLogout" finished-at="2026-07-01T11:34:27 IST" duration-ms="4232" status="PASS">
          <reporter-output>
          </reporter-output>
        </test-method> <!-- verifyLogout -->
        <test-method is-config="true" signature="tearDown()[pri:0, instance:testCases.TC005_LogoutTest@625e134e]" started-at="2026-07-01T11:34:27 IST" name="tearDown" finished-at="2026-07-01T11:34:27 IST" duration-ms="375" status="PASS">
          <reporter-output>
          </reporter-output>
        </test-method> <!-- tearDown -->
      </class> <!-- testCases.TC005_LogoutTest -->
      <class name="testCases.TC003_SearchEmployeeTest">
        <test-method is-config="true" signature="setup(java.lang.String)[pri:0, instance:testCases.TC003_SearchEmployeeTest@5cc126dc]" started-at="2026-07-01T11:34:03 IST" name="setup" finished-at="2026-07-01T11:34:07 IST" duration-ms="3824" status="PASS">
          <params>
            <param index="0">
              <value>
                <![CDATA[chrome]]>
              </value>
            </param>
          </params>
          <reporter-output>
          </reporter-output>
        </test-method> <!-- setup -->
        <test-method signature="verifySearchEmployee()[pri:0, instance:testCases.TC003_SearchEmployeeTest@5cc126dc]" started-at="2026-07-01T11:34:07 IST" name="verifySearchEmployee" finished-at="2026-07-01T11:34:17 IST" duration-ms="10716" status="PASS">
          <reporter-output>
          </reporter-output>
        </test-method> <!-- verifySearchEmployee -->
        <test-method is-config="true" signature="tearDown()[pri:0, instance:testCases.TC003_SearchEmployeeTest@5cc126dc]" started-at="2026-07-01T11:34:17 IST" name="tearDown" finished-at="2026-07-01T11:34:18 IST" duration-ms="456" status="PASS">
          <reporter-output>
          </reporter-output>
        </test-method> <!-- tearDown -->
      </class> <!-- testCases.TC003_SearchEmployeeTest -->
    </test> <!-- Chrome -->
  </suite> <!-- OrangeHRM Suite -->
</testng-results>
