<?xml version="1.0" encoding="UTF-8"?>
<!-- Generated by org.testng.reporters.JUnitXMLReporter -->
<testsuite ignored="0" hostname="LAPTOP-1HMPR52I" failures="0" tests="5" name="Chrome" time="55.445" errors="0" timestamp="2026-06-28T10:48:01 IST">
  <testcase classname="testCases.TC001_LoginTest" name="verifyLogin" time="2.695"/>
  <testcase classname="testCases.TC002_AddEmployeeTest" name="verifyAddEmployee" time="5.461"/>
  <testcase classname="testCases.TC003_SearchEmployeeTest" name="verifySearchEmployee" time="11.338"/>
  <testcase classname="testCases.TC005_LogoutTest" name="verifyLogout" time="3.698"/>
  <testcase classname="testCases.TC006_SearchUserTest" name="verifySearchUser" time="4.284"/>
</testsuite> <!-- Chrome -->
