<?xml version="1.0" encoding="UTF-8"?>
<!-- Generated by org.testng.reporters.JUnitXMLReporter -->
<testsuite ignored="0" hostname="LAPTOP-1HMPR52I" failures="0" tests="5" name="Chrome" time="77.022" errors="0" timestamp="2026-06-29T09:37:11 IST">
  <testcase classname="testCases.TC001_LoginTest" name="verifyLogin" time="2.922"/>
  <testcase classname="testCases.TC002_AddEmployeeTest" name="verifyAddEmployee" time="15.49"/>
  <testcase classname="testCases.TC003_SearchEmployeeTest" name="verifySearchEmployee" time="10.474"/>
  <testcase classname="testCases.TC005_LogoutTest" name="verifyLogout" time="4.025"/>
  <testcase classname="testCases.TC006_SearchUserTest" name="verifySearchUser" time="4.532"/>
</testsuite> <!-- Chrome -->
