<?xml version="1.0" encoding="UTF-8"?>
<testng-results ignored="0" total="5" passed="5" failed="0" skipped="0">
  <reporter-output>
  </reporter-output>
  <suite started-at="2026-06-29T09:35:54 IST" name="OrangeHRM Suite" finished-at="2026-06-29T09:37:11 IST" duration-ms="77022">
    <groups>
    </groups>
    <test started-at="2026-06-29T09:35:54 IST" name="Chrome" finished-at="2026-06-29T09:37:11 IST" duration-ms="77022">
      <class name="testCases.TC006_SearchUserTest">
        <test-method is-config="true" signature="setup(java.lang.String)[pri:0, instance:testCases.TC006_SearchUserTest@784c3487]" started-at="2026-06-29T09:37:02 IST" name="setup" finished-at="2026-06-29T09:37:06 IST" duration-ms="4448" status="PASS">
          <params>
            <param index="0">
              <value>
                <![CDATA[chrome]]>
              </value>
            </param>
          </params>
          <reporter-output>
          </reporter-output>
        </test-method> <!-- setup -->
        <test-method signature="verifySearchUser()[pri:0, instance:testCases.TC006_SearchUserTest@784c3487]" started-at="2026-06-29T09:37:06 IST" name="verifySearchUser" finished-at="2026-06-29T09:37:11 IST" duration-ms="4532" status="PASS">
          <reporter-output>
          </reporter-output>
        </test-method> <!-- verifySearchUser -->
        <test-method is-config="true" signature="tearDown()[pri:0, instance:testCases.TC006_SearchUserTest@784c3487]" started-at="2026-06-29T09:37:11 IST" name="tearDown" finished-at="2026-06-29T09:37:11 IST" duration-ms="342" status="PASS">
          <reporter-output>
          </reporter-output>
        </test-method> <!-- tearDown -->
      </class> <!-- testCases.TC006_SearchUserTest -->
      <class name="testCases.TC001_LoginTest">
        <test-method is-config="true" signature="setup(java.lang.String)[pri:0, instance:testCases.TC001_LoginTest@37efd131]" started-at="2026-06-29T09:35:54 IST" name="setup" finished-at="2026-06-29T09:36:15 IST" duration-ms="20581" status="PASS">
          <params>
            <param index="0">
              <value>
                <![CDATA[chrome]]>
              </value>
            </param>
          </params>
          <reporter-output>
          </reporter-output>
        </test-method> <!-- setup -->
        <test-method signature="verifyLogin()[pri:0, instance:testCases.TC001_LoginTest@37efd131]" started-at="2026-06-29T09:36:15 IST" name="verifyLogin" finished-at="2026-06-29T09:36:18 IST" duration-ms="2922" status="PASS">
          <reporter-output>
          </reporter-output>
        </test-method> <!-- verifyLogin -->
        <test-method is-config="true" signature="tearDown()[pri:0, instance:testCases.TC001_LoginTest@37efd131]" started-at="2026-06-29T09:36:18 IST" name="tearDown" finished-at="2026-06-29T09:36:18 IST" duration-ms="446" status="PASS">
          <reporter-output>
          </reporter-output>
        </test-method> <!-- tearDown -->
      </class> <!-- testCases.TC001_LoginTest -->
      <class name="testCases.TC002_AddEmployeeTest">
        <test-method is-config="true" signature="setup(java.lang.String)[pri:0, instance:testCases.TC002_AddEmployeeTest@1dd6d4b7]" started-at="2026-06-29T09:36:18 IST" name="setup" finished-at="2026-06-29T09:36:22 IST" duration-ms="4293" status="PASS">
          <params>
            <param index="0">
              <value>
                <![CDATA[chrome]]>
              </value>
            </param>
          </params>
          <reporter-output>
          </reporter-output>
        </test-method> <!-- setup -->
        <test-method signature="verifyAddEmployee()[pri:0, instance:testCases.TC002_AddEmployeeTest@1dd6d4b7]" started-at="2026-06-29T09:36:22 IST" name="verifyAddEmployee" finished-at="2026-06-29T09:36:38 IST" duration-ms="15490" status="PASS">
          <reporter-output>
          </reporter-output>
        </test-method> <!-- verifyAddEmployee -->
        <test-method is-config="true" signature="tearDown()[pri:0, instance:testCases.TC002_AddEmployeeTest@1dd6d4b7]" started-at="2026-06-29T09:36:38 IST" name="tearDown" finished-at="2026-06-29T09:36:38 IST" duration-ms="472" status="PASS">
          <reporter-output>
          </reporter-output>
        </test-method> <!-- tearDown -->
      </class> <!-- testCases.TC002_AddEmployeeTest -->
      <class name="testCases.TC005_LogoutTest">
        <test-method is-config="true" signature="setup(java.lang.String)[pri:0, instance:testCases.TC005_LogoutTest@2dd29a59]" started-at="2026-06-29T09:36:53 IST" name="setup" finished-at="2026-06-29T09:36:57 IST" duration-ms="4045" status="PASS">
          <params>
            <param index="0">
              <value>
                <![CDATA[chrome]]>
              </value>
            </param>
          </params>
          <reporter-output>
          </reporter-output>
        </test-method> <!-- setup -->
        <test-method signature="verifyLogout()[pri:0, instance:testCases.TC005_LogoutTest@2dd29a59]" started-at="2026-06-29T09:36:57 IST" name="verifyLogout" finished-at="2026-06-29T09:37:01 IST" duration-ms="4025" status="PASS">
          <reporter-output>
          </reporter-output>
        </test-method> <!-- verifyLogout -->
        <test-method is-config="true" signature="tearDown()[pri:0, instance:testCases.TC005_LogoutTest@2dd29a59]" started-at="2026-06-29T09:37:01 IST" name="tearDown" finished-at="2026-06-29T09:37:02 IST" duration-ms="328" status="PASS">
          <reporter-output>
          </reporter-output>
        </test-method> <!-- tearDown -->
      </class> <!-- testCases.TC005_LogoutTest -->
      <class name="testCases.TC003_SearchEmployeeTest">
        <test-method is-config="true" signature="setup(java.lang.String)[pri:0, instance:testCases.TC003_SearchEmployeeTest@56e8b606]" started-at="2026-06-29T09:36:38 IST" name="setup" finished-at="2026-06-29T09:36:42 IST" duration-ms="4129" status="PASS">
          <params>
            <param index="0">
              <value>
                <![CDATA[chrome]]>
              </value>
            </param>
          </params>
          <reporter-output>
          </reporter-output>
        </test-method> <!-- setup -->
        <test-method signature="verifySearchEmployee()[pri:0, instance:testCases.TC003_SearchEmployeeTest@56e8b606]" started-at="2026-06-29T09:36:42 IST" name="verifySearchEmployee" finished-at="2026-06-29T09:36:53 IST" duration-ms="10474" status="PASS">
          <reporter-output>
          </reporter-output>
        </test-method> <!-- verifySearchEmployee -->
        <test-method is-config="true" signature="tearDown()[pri:0, instance:testCases.TC003_SearchEmployeeTest@56e8b606]" started-at="2026-06-29T09:36:53 IST" name="tearDown" finished-at="2026-06-29T09:36:53 IST" duration-ms="410" status="PASS">
          <reporter-output>
          </reporter-output>
        </test-method> <!-- tearDown -->
      </class> <!-- testCases.TC003_SearchEmployeeTest -->
    </test> <!-- Chrome -->
  </suite> <!-- OrangeHRM Suite -->
</testng-results>
