<?xml version="1.0" encoding="UTF-8"?>
<testng-results ignored="0" total="5" passed="5" failed="0" skipped="0">
  <reporter-output>
  </reporter-output>
  <suite started-at="2026-07-01T22:41:44 IST" name="OrangeHRM Suite" finished-at="2026-07-01T22:43:33 IST" duration-ms="109395">
    <groups>
    </groups>
    <test started-at="2026-07-01T22:41:44 IST" name="Chrome" finished-at="2026-07-01T22:43:33 IST" duration-ms="109395">
      <class name="testCases.TC006_SearchUserTest">
        <test-method is-config="true" signature="setup(java.lang.String)[pri:0, instance:testCases.TC006_SearchUserTest@7cbee484]" started-at="2026-07-01T22:43:23 IST" name="setup" finished-at="2026-07-01T22:43:28 IST" duration-ms="5637" status="PASS">
          <params>
            <param index="0">
              <value>
                <![CDATA[chrome]]>
              </value>
            </param>
          </params>
          <reporter-output>
          </reporter-output>
        </test-method> <!-- setup -->
        <test-method signature="verifySearchUser()[pri:0, instance:testCases.TC006_SearchUserTest@7cbee484]" started-at="2026-07-01T22:43:28 IST" name="verifySearchUser" finished-at="2026-07-01T22:43:33 IST" duration-ms="4586" status="PASS">
          <reporter-output>
          </reporter-output>
        </test-method> <!-- verifySearchUser -->
        <test-method is-config="true" signature="tearDown()[pri:0, instance:testCases.TC006_SearchUserTest@7cbee484]" started-at="2026-07-01T22:43:33 IST" name="tearDown" finished-at="2026-07-01T22:43:33 IST" duration-ms="320" status="PASS">
          <reporter-output>
          </reporter-output>
        </test-method> <!-- tearDown -->
      </class> <!-- testCases.TC006_SearchUserTest -->
      <class name="testCases.TC001_LoginTest">
        <test-method is-config="true" signature="setup(java.lang.String)[pri:0, instance:testCases.TC001_LoginTest@4a8ab068]" started-at="2026-07-01T22:41:44 IST" name="setup" finished-at="2026-07-01T22:42:01 IST" duration-ms="17390" status="PASS">
          <params>
            <param index="0">
              <value>
                <![CDATA[chrome]]>
              </value>
            </param>
          </params>
          <reporter-output>
          </reporter-output>
        </test-method> <!-- setup -->
        <test-method signature="verifyLogin()[pri:0, instance:testCases.TC001_LoginTest@4a8ab068]" started-at="2026-07-01T22:42:01 IST" name="verifyLogin" finished-at="2026-07-01T22:42:04 IST" duration-ms="3257" status="PASS">
          <reporter-output>
          </reporter-output>
        </test-method> <!-- verifyLogin -->
        <test-method is-config="true" signature="tearDown()[pri:0, instance:testCases.TC001_LoginTest@4a8ab068]" started-at="2026-07-01T22:42:04 IST" name="tearDown" finished-at="2026-07-01T22:42:05 IST" duration-ms="458" status="PASS">
          <reporter-output>
          </reporter-output>
        </test-method> <!-- tearDown -->
      </class> <!-- testCases.TC001_LoginTest -->
      <class name="testCases.TC002_AddEmployeeTest">
        <test-method is-config="true" signature="setup(java.lang.String)[pri:0, instance:testCases.TC002_AddEmployeeTest@532a02d9]" started-at="2026-07-01T22:42:05 IST" name="setup" finished-at="2026-07-01T22:42:16 IST" duration-ms="11509" status="PASS">
          <params>
            <param index="0">
              <value>
                <![CDATA[chrome]]>
              </value>
            </param>
          </params>
          <reporter-output>
          </reporter-output>
        </test-method> <!-- setup -->
        <test-method signature="verifyAddEmployee()[pri:0, instance:testCases.TC002_AddEmployeeTest@532a02d9]" started-at="2026-07-01T22:42:16 IST" name="verifyAddEmployee" finished-at="2026-07-01T22:42:46 IST" duration-ms="29634" status="PASS">
          <reporter-output>
          </reporter-output>
        </test-method> <!-- verifyAddEmployee -->
        <test-method is-config="true" signature="tearDown()[pri:0, instance:testCases.TC002_AddEmployeeTest@532a02d9]" started-at="2026-07-01T22:42:46 IST" name="tearDown" finished-at="2026-07-01T22:42:48 IST" duration-ms="1731" status="PASS">
          <reporter-output>
          </reporter-output>
        </test-method> <!-- tearDown -->
      </class> <!-- testCases.TC002_AddEmployeeTest -->
      <class name="testCases.TC005_LogoutTest">
        <test-method is-config="true" signature="setup(java.lang.String)[pri:0, instance:testCases.TC005_LogoutTest@7bb3a9fe]" started-at="2026-07-01T22:43:11 IST" name="setup" finished-at="2026-07-01T22:43:18 IST" duration-ms="7246" status="PASS">
          <params>
            <param index="0">
              <value>
                <![CDATA[chrome]]>
              </value>
            </param>
          </params>
          <reporter-output>
          </reporter-output>
        </test-method> <!-- setup -->
        <test-method signature="verifyLogout()[pri:0, instance:testCases.TC005_LogoutTest@7bb3a9fe]" started-at="2026-07-01T22:43:18 IST" name="verifyLogout" finished-at="2026-07-01T22:43:22 IST" duration-ms="4210" status="PASS">
          <reporter-output>
          </reporter-output>
        </test-method> <!-- verifyLogout -->
        <test-method is-config="true" signature="tearDown()[pri:0, instance:testCases.TC005_LogoutTest@7bb3a9fe]" started-at="2026-07-01T22:43:22 IST" name="tearDown" finished-at="2026-07-01T22:43:23 IST" duration-ms="334" status="PASS">
          <reporter-output>
          </reporter-output>
        </test-method> <!-- tearDown -->
      </class> <!-- testCases.TC005_LogoutTest -->
      <class name="testCases.TC003_SearchEmployeeTest">
        <test-method is-config="true" signature="setup(java.lang.String)[pri:0, instance:testCases.TC003_SearchEmployeeTest@611f8234]" started-at="2026-07-01T22:42:48 IST" name="setup" finished-at="2026-07-01T22:42:57 IST" duration-ms="9646" status="PASS">
          <params>
            <param index="0">
              <value>
                <![CDATA[chrome]]>
              </value>
            </param>
          </params>
          <reporter-output>
          </reporter-output>
        </test-method> <!-- setup -->
        <test-method signature="verifySearchEmployee()[pri:0, instance:testCases.TC003_SearchEmployeeTest@611f8234]" started-at="2026-07-01T22:42:57 IST" name="verifySearchEmployee" finished-at="2026-07-01T22:43:09 IST" duration-ms="11324" status="PASS">
          <reporter-output>
          </reporter-output>
        </test-method> <!-- verifySearchEmployee -->
        <test-method is-config="true" signature="tearDown()[pri:0, instance:testCases.TC003_SearchEmployeeTest@611f8234]" started-at="2026-07-01T22:43:09 IST" name="tearDown" finished-at="2026-07-01T22:43:11 IST" duration-ms="2026" status="PASS">
          <reporter-output>
          </reporter-output>
        </test-method> <!-- tearDown -->
      </class> <!-- testCases.TC003_SearchEmployeeTest -->
    </test> <!-- Chrome -->
  </suite> <!-- OrangeHRM Suite -->
</testng-results>
