<?xml version="1.0" encoding="UTF-8"?>
<!-- Generated by org.testng.reporters.JUnitXMLReporter -->
<testsuite ignored="0" hostname="LAPTOP-1HMPR52I" failures="0" tests="5" name="Chrome" time="53.304" errors="0" timestamp="2026-06-28T11:01:14 IST">
  <testcase classname="testCases.TC001_LoginTest" name="verifyLogin" time="2.765"/>
  <testcase classname="testCases.TC002_AddEmployeeTest" name="verifyAddEmployee" time="5.431"/>
  <testcase classname="testCases.TC003_SearchEmployeeTest" name="verifySearchEmployee" time="10.53"/>
  <testcase classname="testCases.TC005_LogoutTest" name="verifyLogout" time="3.959"/>
  <testcase classname="testCases.TC006_SearchUserTest" name="verifySearchUser" time="4.666"/>
</testsuite> <!-- Chrome -->
